<?xml version="1.0" encoding="UTF-8" ?>
<testsuites>
  <testsuite errors="1" failures="0" hostname="WIN-NT6VBDKDRPQ" id="0" name="googleTest" package="com.example.tests" skipped="0" tests="1" time="1.306" timestamp="2015-03-26T07:08:01">
      <properties>
[...]
</properties>

      <testcase classname="com.example.tests.googleTest" name="testGoogle" time="1.093">
          <error message="Could not contact Selenium Server; have you started it on &apos;localhost:4444&apos; ?&#xa;Read more at http://seleniumhq.org/projects/remote-control/not-started.html&#xa;Connection refused: connect" type="java.lang.RuntimeException">java.lang.RuntimeException: Could not contact Selenium Server; have you started it on &apos;localhost:4444&apos; ?
Connection refused: connect
	at com.thoughtworks.selenium.DefaultSelenium.start(DefaultSelenium.java:104)
	at com.example.tests.googleTest.setUp(googleTest.java:16)
</error>

      </testcase>

      <system-out><![CDATA[]]></system-out>

      <system-err><![CDATA[]]></system-err>

  </testsuite>
</testsuites>
